<?xml version="1.0" encoding="UTF-8" ?>
<testsuites>
 <testsuite name="test4_script" package="adityatest.suite" timestamp="2023-12-06 16:47:42.754 +0530"
 tests="1"  failures="1" errors="1" time="35.183000">
  <properties>
   <property name="RunDate" value="2023-12-06 16:47:42.754 +0530"/>
   <property name="Status" value="Failure"/>
  </properties>
  <testcase name="test4.script" assertions="1" status="error"  time="35.154">
    <failure type="FAILURE" message="Image Not Found: click Error - No Image Found On Screen: &quot;ViewAccounttest4&quot; -- Execution Time 0:00:35 test4.script" />
    <error type="Exception" message="No Image Found On Screen: &quot;ViewAccounttest4&quot;" />
  </testcase>
 </testsuite>
</testsuites>
