<?xml version="1.0" encoding="UTF-8" ?>
<testsuites>
 <testsuite name="test3_script" package="adityatest.suite" timestamp="2023-12-06 15:32:11.003 +0530"
 tests="1"  failures="1" errors="1" time="23.723000">
  <properties>
   <property name="RunDate" value="2023-12-06 15:32:11.003 +0530"/>
   <property name="Status" value="Failure"/>
  </properties>
  <testcase name="test3.script" assertions="1" status="error"  time="23.67">
    <failure type="FAILURE" message="Image Not Found: click Error - No Image Found On Screen: &quot;searchtest3&quot; -- Execution Time 0:00:23 test3.script" />
    <error type="Exception" message="No Image Found On Screen: &quot;searchtest3&quot;" />
  </testcase>
 </testsuite>
</testsuites>
