<?xml version="1.0" encoding="UTF-8" ?>
<testsuites>
 <testsuite name="test3_script" package="adityatest.suite" timestamp="2023-12-06 15:03:22.631 +0530"
 tests="1"  failures="1" errors="1" time="22.918000">
  <properties>
   <property name="RunDate" value="2023-12-06 15:03:22.631 +0530"/>
   <property name="Status" value="Failure"/>
  </properties>
  <testcase name="test3.script" assertions="1" status="error"  time="22.862">
    <failure type="FAILURE" message="Image Not Found: doubleclick Error - No Image Found On Screen: &quot;chrome2_test3&quot; -- Execution Time 0:00:22 test3.script" />
    <error type="Exception" message="No Image Found On Screen: &quot;chrome2_test3&quot;" />
  </testcase>
 </testsuite>
</testsuites>
