<?xml version="1.0" encoding="UTF-8" ?>
<testsuites>
 <testsuite name="test4_script" package="adityatest.suite" timestamp="2023-12-06 16:51:34.750 +0530"
 tests="1"  failures="1" errors="1" time="8.622000">
  <properties>
   <property name="RunDate" value="2023-12-06 16:51:34.750 +0530"/>
   <property name="Status" value="Failure"/>
  </properties>
  <testcase name="test4.script" assertions="1" status="error"  time="8.593">
    <failure type="FAILURE" message="File Not Found: click Error - Could Not Open Image: ViewAccounttest4 -- Execution Time 0:00:08 test4.script" />
    <error type="Exception" message="Could Not Open Image: ViewAccounttest4" />
  </testcase>
 </testsuite>
</testsuites>
