<?xml version="1.0" encoding="UTF-8" ?>
<testsuites>
 <testsuite name="test4_script" package="adityatest.suite" timestamp="2023-12-06 16:38:26.882 +0530"
 tests="1"  failures="1" errors="1" time="11.580000">
  <properties>
   <property name="RunDate" value="2023-12-06 16:38:26.882 +0530"/>
   <property name="Status" value="Failure"/>
  </properties>
  <testcase name="test4.script" assertions="1" status="error"  time="11.55">
    <failure type="FAILURE" message="File Not Found: click Error - Could Not Open Image: ViewAccounttest4.2 -- Execution Time 0:00:11 test4.script" />
    <error type="Exception" message="Could Not Open Image: ViewAccounttest4.2" />
  </testcase>
 </testsuite>
</testsuites>
