<?xml version="1.0" encoding="UTF-8" ?>
<testsuites>
 <testsuite name="test3_script" package="adityatest.suite" timestamp="2023-12-06 15:35:28.012 +0530"
 tests="1"  failures="1" errors="1" time="0.429000">
  <properties>
   <property name="RunDate" value="2023-12-06 15:35:28.012 +0530"/>
   <property name="Status" value="Failure"/>
  </properties>
  <testcase name="test3.script" assertions="1" status="error"  time="0.403">
    <failure type="FAILURE" message="Error Running Script Command: click Error - Image Property List did not contain &quot;ImageName&quot; property -- Execution Time 0:00:00 test3.script" />
    <error type="Exception" message="Image Property List did not contain &quot;ImageName&quot; property" />
  </testcase>
 </testsuite>
</testsuites>
