<?xml version="1.0" encoding="UTF-8" ?>
<testsuites>
 <testsuite name="test3_script" package="adityatest.suite" timestamp="2023-12-06 15:12:55.278 +0530"
 tests="1"  failures="1" errors="1" time="0.424000">
  <properties>
   <property name="RunDate" value="2023-12-06 15:12:55.278 +0530"/>
   <property name="Status" value="Failure"/>
  </properties>
  <testcase name="test3.script" assertions="1" status="error"  time="0.367">
    <failure type="FAILURE" message="File Not Found: click Error - Could Not Open Image: search4_test3 -- Execution Time 0:00:00 test3.script" />
    <error type="Exception" message="Could Not Open Image: search4_test3" />
  </testcase>
 </testsuite>
</testsuites>
