<?xml version="1.0" encoding="UTF-8" ?>
<testsuites>
 <testsuite name="test1_script" package="adityatest.suite" timestamp="2023-12-05 17:35:45.224 +0530"
 tests="1"  failures="1" errors="1" time="29.510000">
  <properties>
   <property name="RunDate" value="2023-12-05 17:35:45.224 +0530"/>
   <property name="Status" value="Failure"/>
  </properties>
  <testcase name="test1.script" assertions="1" status="error"  time="29.48">
    <failure type="FAILURE" message="Image Not Found: click Error - No Image Found On Screen: &quot;search.png&quot; -- Execution Time 0:00:29 test1.script" />
    <error type="Exception" message="No Image Found On Screen: &quot;search.png&quot;" />
  </testcase>
 </testsuite>
</testsuites>
