<?xml version="1.0" encoding="UTF-8" ?>
<testsuites>
 <testsuite name="test3_script" package="adityatest.suite" timestamp="2023-12-06 15:07:18.648 +0530"
 tests="1"  failures="1" errors="1" time="24.097000">
  <properties>
   <property name="RunDate" value="2023-12-06 15:07:18.648 +0530"/>
   <property name="Status" value="Failure"/>
  </properties>
  <testcase name="test3.script" assertions="1" status="error"  time="24.054">
    <failure type="FAILURE" message="Image Not Found: click Error - No Image Found On Screen: &quot;search3_test3&quot; -- Execution Time 0:00:24 test3.script" />
    <error type="Exception" message="No Image Found On Screen: &quot;search3_test3&quot;" />
  </testcase>
 </testsuite>
</testsuites>
