<?xml version="1.0" encoding="UTF-8" ?>
<testsuites>
 <testsuite name="test4_script" package="adityatest.suite" timestamp="2023-12-06 17:15:25.894 +0530"
 tests="1"  failures="1" errors="1" time="9.893000">
  <properties>
   <property name="RunDate" value="2023-12-06 17:15:25.894 +0530"/>
   <property name="Status" value="Failure"/>
  </properties>
  <testcase name="test4.script" assertions="1" status="error"  time="9.855">
    <failure type="FAILURE" message="File Not Found: click Error - Could Not Open Image: ViewAccountstest4.3 -- Execution Time 0:00:09 test4.script" />
    <error type="Exception" message="Could Not Open Image: ViewAccountstest4.3" />
  </testcase>
 </testsuite>
</testsuites>
