<?xml version="1.0" encoding="UTF-8" ?>
<testsuites>
 <testsuite name="test4_script" package="adityatest.suite" timestamp="2023-12-06 17:18:50.394 +0530"
 tests="1"  failures="1" errors="1" time="10.184000">
  <properties>
   <property name="RunDate" value="2023-12-06 17:18:50.394 +0530"/>
   <property name="Status" value="Failure"/>
  </properties>
  <testcase name="test4.script" assertions="1" status="error"  time="10.141">
    <failure type="FAILURE" message="Error Running Script Command: click Error - Image Property List did not contain &quot;ImageName&quot; property -- Execution Time 0:00:10 test4.script" />
    <error type="Exception" message="Image Property List did not contain &quot;ImageName&quot; property" />
  </testcase>
 </testsuite>
</testsuites>
